<?xml version="1.0" encoding="UTF-8"?>
<testsuite name="com.BridgeLabz.HotelReservation.HotelReservationTest" tests="1" skipped="0" failures="0" errors="0" timestamp="2022-01-15T09:44:43" hostname="VIVEK" time="0.035">
  <properties/>
  <testcase name="givenHotelDetails_WhenValuesEnteredAreCorrect_ShoulReturnTrue()" classname="com.BridgeLabz.HotelReservation.HotelReservationTest" time="0.035"/>
  <system-out><![CDATA[]]></system-out>
  <system-err><![CDATA[]]></system-err>
</testsuite>
